<?xml version="1.0" encoding="UTF-8"?>
<robot generator="Robot 7.4.2 (Python 3.14.3 on win32)" generated="2026-04-25T15:05:38.120825" rpa="false" schemaversion="5">
<suite id="s1" name="Pruba" source="C:\Users\Gamer\Documents\GitHub\pruebas_software\ps-proyecto-segunda-unidad\Tests\pruba.robot">
<test id="s1-t1" name="Mi Primer Test" line="5">
<kw name="Open Browser" owner="SeleniumLibrary">
<msg time="2026-04-25T15:05:38.315248" level="INFO">Opening browser 'chrome' to base url 'https://www.google.com'.</msg>
<arg>https://www.google.com</arg>
<arg>chrome</arg>
<doc>Opens a new browser instance to the optional ``url``.</doc>
<status status="PASS" start="2026-04-25T15:05:38.314983" elapsed="1.346682"/>
</kw>
<kw name="Title Should Be" owner="SeleniumLibrary">
<msg time="2026-04-25T15:05:39.665390" level="INFO">Page title is 'Google'.</msg>
<arg>Google</arg>
<doc>Verifies that the current page title equals ``title``.</doc>
<status status="PASS" start="2026-04-25T15:05:39.662077" elapsed="0.003418"/>
</kw>
<kw name="Close Browser" owner="SeleniumLibrary" type="TEARDOWN">
<doc>Closes the current browser.</doc>
<status status="PASS" start="2026-04-25T15:05:39.665889" elapsed="2.124954"/>
</kw>
<status status="PASS" start="2026-04-25T15:05:38.313788" elapsed="3.477318"/>
</test>
<status status="PASS" start="2026-04-25T15:05:38.122406" elapsed="3.669364"/>
</suite>
<statistics>
<total>
<stat pass="1" fail="0" skip="0">All Tests</stat>
</total>
<tag>
</tag>
<suite>
<stat name="Pruba" id="s1" pass="1" fail="0" skip="0">Pruba</stat>
</suite>
</statistics>
<errors>
</errors>
</robot>
