<?xml version="1.0" encoding="UTF-8"?>
<robot generator="Robot 7.4.2 (Python 3.13.9 on darwin)" generated="2026-04-25T17:27:15.793252" rpa="false" schemaversion="5">
<suite id="s1" name="Pruebas" source="/Users/ramonsebastianzamudioayala/Documents/ps-proyecto-segunda-unidad/Tests/pruebas.robot">
<test id="s1-t1" name="Drag and drop" line="90">
<kw name="Open Browser" owner="SeleniumLibrary">
<msg time="2026-04-25T17:27:15.863195" level="INFO">Opening browser 'chrome' to base url 'https://the-internet.herokuapp.com/drag_and_drop'.</msg>
<arg>${URL-DRAG-N-DROP}</arg>
<arg>${BROWSER}</arg>
<doc>Opens a new browser instance to the optional ``url``.</doc>
<status status="PASS" start="2026-04-25T17:27:15.862978" elapsed="3.496217"/>
</kw>
<kw name="Drag And Drop" owner="SeleniumLibrary">
<arg>id:column-a</arg>
<arg>id:column-b</arg>
<doc>Drags the element identified by ``locator`` into the ``target`` element.</doc>
<status status="PASS" start="2026-04-25T17:27:19.359549" elapsed="0.549403"/>
</kw>
<kw name="Element Text Should Be" owner="SeleniumLibrary">
<msg time="2026-04-25T17:27:19.909306" level="INFO">Verifying element 'id:column-a' contains exact text 'B'.</msg>
<arg>id:column-a</arg>
<arg>B</arg>
<doc>Verifies that element ``locator`` contains exact the text ``expected``.</doc>
<status status="PASS" start="2026-04-25T17:27:19.909123" elapsed="0.007690"/>
</kw>
<kw name="Drag And Drop" owner="SeleniumLibrary">
<arg>id:column-b</arg>
<arg>id:column-a</arg>
<doc>Drags the element identified by ``locator`` into the ``target`` element.</doc>
<status status="PASS" start="2026-04-25T17:27:19.916923" elapsed="0.518622"/>
</kw>
<kw name="Element Text Should Be" owner="SeleniumLibrary">
<msg time="2026-04-25T17:27:20.435812" level="INFO">Verifying element 'id:column-a' contains exact text 'A'.</msg>
<arg>id:column-a</arg>
<arg>A</arg>
<doc>Verifies that element ``locator`` contains exact the text ``expected``.</doc>
<status status="PASS" start="2026-04-25T17:27:20.435677" elapsed="0.005155"/>
</kw>
<kw name="Close Browser" owner="SeleniumLibrary" type="TEARDOWN">
<doc>Closes the current browser.</doc>
<status status="PASS" start="2026-04-25T17:27:20.441086" elapsed="0.071444"/>
</kw>
<status status="PASS" start="2026-04-25T17:27:15.862416" elapsed="4.650198"/>
</test>
<status status="PASS" start="2026-04-25T17:27:15.798013" elapsed="4.714945"/>
</suite>
<statistics>
<total>
<stat pass="1" fail="0" skip="0">All Tests</stat>
</total>
<tag>
</tag>
<suite>
<stat name="Pruebas" id="s1" pass="1" fail="0" skip="0">Pruebas</stat>
</suite>
</statistics>
<errors>
</errors>
</robot>
