<?xml version="1.0" encoding="UTF-8"?>
<robot generator="Robot 7.4.2 (Python 3.14.3 on win32)" generated="2026-04-26T13:39:38.293938" rpa="false" schemaversion="5">
<suite id="s1" name="Pruebas" source="C:\Users\Gamer\Documents\GitHub\pruebas_software\ps-proyecto-segunda-unidad\Tests\pruebas.robot">
<test id="s1-t1" name="Add / delete elements" line="8">
<kw name="Open Browser" owner="SeleniumLibrary">
<msg time="2026-04-26T13:39:38.558829" level="INFO">Opening browser 'chrome' to base url 'https://the-internet.herokuapp.com/add_remove_elements/'.</msg>
<arg>${URL-TODO}</arg>
<arg>${BROWSER}</arg>
<doc>Opens a new browser instance to the optional ``url``.</doc>
<status status="PASS" start="2026-04-26T13:39:38.558233" elapsed="3.446153"/>
</kw>
<for flavor="IN RANGE">
<iter>
<kw name="Click button by name" owner="Keywords">
<kw name="Click Button" owner="SeleniumLibrary">
<msg time="2026-04-26T13:39:42.006470" level="INFO">Clicking button 'Add Element'.</msg>
<arg>${name}</arg>
<doc>Clicks the button identified by ``locator``.</doc>
<status status="PASS" start="2026-04-26T13:39:42.005996" elapsed="0.056337"/>
</kw>
<arg>Add Element</arg>
<status status="PASS" start="2026-04-26T13:39:42.005517" elapsed="0.056960"/>
</kw>
<kw name="Count by class" owner="Keywords">
<kw name="Get Element Count" owner="SeleniumLibrary">
<msg time="2026-04-26T13:39:42.069378" level="INFO">${resultado} = 1</msg>
<var>${resultado}</var>
<arg>xpath://button[@class='${class}']</arg>
<doc>Returns the number of elements matching ``locator``.</doc>
<status status="PASS" start="2026-04-26T13:39:42.063221" elapsed="0.006189"/>
</kw>
<return>
<value>${resultado}</value>
<status status="PASS" start="2026-04-26T13:39:42.069474" elapsed="0.000061"/>
</return>
<msg time="2026-04-26T13:39:42.069661" level="INFO">${cantidad} = 1</msg>
<var>${cantidad}</var>
<arg>added-manually</arg>
<status status="PASS" start="2026-04-26T13:39:42.062942" elapsed="0.006740"/>
</kw>
<kw name="Should Be Equal As Integers" owner="BuiltIn">
<arg>${cantidad}</arg>
<arg>${i}</arg>
<doc>Fails if objects are unequal after converting them to integers.</doc>
<status status="PASS" start="2026-04-26T13:39:42.069785" elapsed="0.000306"/>
</kw>
<var name="${i}">1</var>
<status status="PASS" start="2026-04-26T13:39:42.005258" elapsed="0.064874"/>
</iter>
<iter>
<kw name="Click button by name" owner="Keywords">
<kw name="Click Button" owner="SeleniumLibrary">
<msg time="2026-04-26T13:39:42.070763" level="INFO">Clicking button 'Add Element'.</msg>
<arg>${name}</arg>
<doc>Clicks the button identified by ``locator``.</doc>
<status status="PASS" start="2026-04-26T13:39:42.070574" elapsed="0.036589"/>
</kw>
<arg>Add Element</arg>
<status status="PASS" start="2026-04-26T13:39:42.070336" elapsed="0.036972"/>
</kw>
<kw name="Count by class" owner="Keywords">
<kw name="Get Element Count" owner="SeleniumLibrary">
<msg time="2026-04-26T13:39:42.112302" level="INFO">${resultado} = 2</msg>
<var>${resultado}</var>
<arg>xpath://button[@class='${class}']</arg>
<doc>Returns the number of elements matching ``locator``.</doc>
<status status="PASS" start="2026-04-26T13:39:42.107883" elapsed="0.004462"/>
</kw>
<return>
<value>${resultado}</value>
<status status="PASS" start="2026-04-26T13:39:42.112428" elapsed="0.000073"/>
</return>
<msg time="2026-04-26T13:39:42.112653" level="INFO">${cantidad} = 2</msg>
<var>${cantidad}</var>
<arg>added-manually</arg>
<status status="PASS" start="2026-04-26T13:39:42.107555" elapsed="0.005126"/>
</kw>
<kw name="Should Be Equal As Integers" owner="BuiltIn">
<arg>${cantidad}</arg>
<arg>${i}</arg>
<doc>Fails if objects are unequal after converting them to integers.</doc>
<status status="PASS" start="2026-04-26T13:39:42.112806" elapsed="0.000351"/>
</kw>
<var name="${i}">2</var>
<status status="PASS" start="2026-04-26T13:39:42.070239" elapsed="0.042972"/>
</iter>
<iter>
<kw name="Click button by name" owner="Keywords">
<kw name="Click Button" owner="SeleniumLibrary">
<msg time="2026-04-26T13:39:42.113864" level="INFO">Clicking button 'Add Element'.</msg>
<arg>${name}</arg>
<doc>Clicks the button identified by ``locator``.</doc>
<status status="PASS" start="2026-04-26T13:39:42.113691" elapsed="0.033784"/>
</kw>
<arg>Add Element</arg>
<status status="PASS" start="2026-04-26T13:39:42.113460" elapsed="0.034140"/>
</kw>
<kw name="Count by class" owner="Keywords">
<kw name="Get Element Count" owner="SeleniumLibrary">
<msg time="2026-04-26T13:39:42.152040" level="INFO">${resultado} = 3</msg>
<var>${resultado}</var>
<arg>xpath://button[@class='${class}']</arg>
<doc>Returns the number of elements matching ``locator``.</doc>
<status status="PASS" start="2026-04-26T13:39:42.148080" elapsed="0.003997"/>
</kw>
<return>
<value>${resultado}</value>
<status status="PASS" start="2026-04-26T13:39:42.152143" elapsed="0.000045"/>
</return>
<msg time="2026-04-26T13:39:42.152304" level="INFO">${cantidad} = 3</msg>
<var>${cantidad}</var>
<arg>added-manually</arg>
<status status="PASS" start="2026-04-26T13:39:42.147801" elapsed="0.004525"/>
</kw>
<kw name="Should Be Equal As Integers" owner="BuiltIn">
<arg>${cantidad}</arg>
<arg>${i}</arg>
<doc>Fails if objects are unequal after converting them to integers.</doc>
<status status="PASS" start="2026-04-26T13:39:42.152446" elapsed="0.000290"/>
</kw>
<var name="${i}">3</var>
<status status="PASS" start="2026-04-26T13:39:42.113340" elapsed="0.039436"/>
</iter>
<iter>
<kw name="Click button by name" owner="Keywords">
<kw name="Click Button" owner="SeleniumLibrary">
<msg time="2026-04-26T13:39:42.153374" level="INFO">Clicking button 'Add Element'.</msg>
<arg>${name}</arg>
<doc>Clicks the button identified by ``locator``.</doc>
<status status="PASS" start="2026-04-26T13:39:42.153194" elapsed="0.033976"/>
</kw>
<arg>Add Element</arg>
<status status="PASS" start="2026-04-26T13:39:42.152968" elapsed="0.034351"/>
</kw>
<kw name="Count by class" owner="Keywords">
<kw name="Get Element Count" owner="SeleniumLibrary">
<msg time="2026-04-26T13:39:42.192862" level="INFO">${resultado} = 4</msg>
<var>${resultado}</var>
<arg>xpath://button[@class='${class}']</arg>
<doc>Returns the number of elements matching ``locator``.</doc>
<status status="PASS" start="2026-04-26T13:39:42.187892" elapsed="0.005029"/>
</kw>
<return>
<value>${resultado}</value>
<status status="PASS" start="2026-04-26T13:39:42.193032" elapsed="0.000065"/>
</return>
<msg time="2026-04-26T13:39:42.193257" level="INFO">${cantidad} = 4</msg>
<var>${cantidad}</var>
<arg>added-manually</arg>
<status status="PASS" start="2026-04-26T13:39:42.187559" elapsed="0.005729"/>
</kw>
<kw name="Should Be Equal As Integers" owner="BuiltIn">
<arg>${cantidad}</arg>
<arg>${i}</arg>
<doc>Fails if objects are unequal after converting them to integers.</doc>
<status status="PASS" start="2026-04-26T13:39:42.193444" elapsed="0.000396"/>
</kw>
<var name="${i}">4</var>
<status status="PASS" start="2026-04-26T13:39:42.152873" elapsed="0.041021"/>
</iter>
<iter>
<kw name="Click button by name" owner="Keywords">
<kw name="Click Button" owner="SeleniumLibrary">
<msg time="2026-04-26T13:39:42.194640" level="INFO">Clicking button 'Add Element'.</msg>
<arg>${name}</arg>
<doc>Clicks the button identified by ``locator``.</doc>
<status status="PASS" start="2026-04-26T13:39:42.194451" elapsed="0.032398"/>
</kw>
<arg>Add Element</arg>
<status status="PASS" start="2026-04-26T13:39:42.194186" elapsed="0.032800"/>
</kw>
<kw name="Count by class" owner="Keywords">
<kw name="Get Element Count" owner="SeleniumLibrary">
<msg time="2026-04-26T13:39:42.231895" level="INFO">${resultado} = 5</msg>
<var>${resultado}</var>
<arg>xpath://button[@class='${class}']</arg>
<doc>Returns the number of elements matching ``locator``.</doc>
<status status="PASS" start="2026-04-26T13:39:42.227542" elapsed="0.004390"/>
</kw>
<return>
<value>${resultado}</value>
<status status="PASS" start="2026-04-26T13:39:42.232004" elapsed="0.000056"/>
</return>
<msg time="2026-04-26T13:39:42.232206" level="INFO">${cantidad} = 5</msg>
<var>${cantidad}</var>
<arg>added-manually</arg>
<status status="PASS" start="2026-04-26T13:39:42.227234" elapsed="0.005030"/>
</kw>
<kw name="Should Be Equal As Integers" owner="BuiltIn">
<arg>${cantidad}</arg>
<arg>${i}</arg>
<doc>Fails if objects are unequal after converting them to integers.</doc>
<status status="PASS" start="2026-04-26T13:39:42.232392" elapsed="0.000354"/>
</kw>
<var name="${i}">5</var>
<status status="PASS" start="2026-04-26T13:39:42.194034" elapsed="0.038765"/>
</iter>
<iter>
<kw name="Click button by name" owner="Keywords">
<kw name="Click Button" owner="SeleniumLibrary">
<msg time="2026-04-26T13:39:42.233484" level="INFO">Clicking button 'Add Element'.</msg>
<arg>${name}</arg>
<doc>Clicks the button identified by ``locator``.</doc>
<status status="PASS" start="2026-04-26T13:39:42.233294" elapsed="0.039060"/>
</kw>
<arg>Add Element</arg>
<status status="PASS" start="2026-04-26T13:39:42.233054" elapsed="0.039425"/>
</kw>
<kw name="Count by class" owner="Keywords">
<kw name="Get Element Count" owner="SeleniumLibrary">
<msg time="2026-04-26T13:39:42.277415" level="INFO">${resultado} = 6</msg>
<var>${resultado}</var>
<arg>xpath://button[@class='${class}']</arg>
<doc>Returns the number of elements matching ``locator``.</doc>
<status status="PASS" start="2026-04-26T13:39:42.272977" elapsed="0.004473"/>
</kw>
<return>
<value>${resultado}</value>
<status status="PASS" start="2026-04-26T13:39:42.277514" elapsed="0.000046"/>
</return>
<msg time="2026-04-26T13:39:42.277680" level="INFO">${cantidad} = 6</msg>
<var>${cantidad}</var>
<arg>added-manually</arg>
<status status="PASS" start="2026-04-26T13:39:42.272693" elapsed="0.005008"/>
</kw>
<kw name="Should Be Equal As Integers" owner="BuiltIn">
<arg>${cantidad}</arg>
<arg>${i}</arg>
<doc>Fails if objects are unequal after converting them to integers.</doc>
<status status="PASS" start="2026-04-26T13:39:42.277801" elapsed="0.000277"/>
</kw>
<var name="${i}">6</var>
<status status="PASS" start="2026-04-26T13:39:42.232928" elapsed="0.045190"/>
</iter>
<iter>
<kw name="Click button by name" owner="Keywords">
<kw name="Click Button" owner="SeleniumLibrary">
<msg time="2026-04-26T13:39:42.278644" level="INFO">Clicking button 'Add Element'.</msg>
<arg>${name}</arg>
<doc>Clicks the button identified by ``locator``.</doc>
<status status="PASS" start="2026-04-26T13:39:42.278506" elapsed="0.030720"/>
</kw>
<arg>Add Element</arg>
<status status="PASS" start="2026-04-26T13:39:42.278318" elapsed="0.031027"/>
</kw>
<kw name="Count by class" owner="Keywords">
<kw name="Get Element Count" owner="SeleniumLibrary">
<msg time="2026-04-26T13:39:42.313877" level="INFO">${resultado} = 7</msg>
<var>${resultado}</var>
<arg>xpath://button[@class='${class}']</arg>
<doc>Returns the number of elements matching ``locator``.</doc>
<status status="PASS" start="2026-04-26T13:39:42.309811" elapsed="0.004097"/>
</kw>
<return>
<value>${resultado}</value>
<status status="PASS" start="2026-04-26T13:39:42.313967" elapsed="0.000046"/>
</return>
<msg time="2026-04-26T13:39:42.314122" level="INFO">${cantidad} = 7</msg>
<var>${cantidad}</var>
<arg>added-manually</arg>
<status status="PASS" start="2026-04-26T13:39:42.309549" elapsed="0.004593"/>
</kw>
<kw name="Should Be Equal As Integers" owner="BuiltIn">
<arg>${cantidad}</arg>
<arg>${i}</arg>
<doc>Fails if objects are unequal after converting them to integers.</doc>
<status status="PASS" start="2026-04-26T13:39:42.314241" elapsed="0.000289"/>
</kw>
<var name="${i}">7</var>
<status status="PASS" start="2026-04-26T13:39:42.278217" elapsed="0.036354"/>
</iter>
<iter>
<kw name="Click button by name" owner="Keywords">
<kw name="Click Button" owner="SeleniumLibrary">
<msg time="2026-04-26T13:39:42.315092" level="INFO">Clicking button 'Add Element'.</msg>
<arg>${name}</arg>
<doc>Clicks the button identified by ``locator``.</doc>
<status status="PASS" start="2026-04-26T13:39:42.314952" elapsed="0.031758"/>
</kw>
<arg>Add Element</arg>
<status status="PASS" start="2026-04-26T13:39:42.314770" elapsed="0.032110"/>
</kw>
<kw name="Count by class" owner="Keywords">
<kw name="Get Element Count" owner="SeleniumLibrary">
<msg time="2026-04-26T13:39:42.352005" level="INFO">${resultado} = 8</msg>
<var>${resultado}</var>
<arg>xpath://button[@class='${class}']</arg>
<doc>Returns the number of elements matching ``locator``.</doc>
<status status="PASS" start="2026-04-26T13:39:42.347502" elapsed="0.004546"/>
</kw>
<return>
<value>${resultado}</value>
<status status="PASS" start="2026-04-26T13:39:42.352131" elapsed="0.000061"/>
</return>
<msg time="2026-04-26T13:39:42.352358" level="INFO">${cantidad} = 8</msg>
<var>${cantidad}</var>
<arg>added-manually</arg>
<status status="PASS" start="2026-04-26T13:39:42.347148" elapsed="0.005243"/>
</kw>
<kw name="Should Be Equal As Integers" owner="BuiltIn">
<arg>${cantidad}</arg>
<arg>${i}</arg>
<doc>Fails if objects are unequal after converting them to integers.</doc>
<status status="PASS" start="2026-04-26T13:39:42.352537" elapsed="0.000368"/>
</kw>
<var name="${i}">8</var>
<status status="PASS" start="2026-04-26T13:39:42.314668" elapsed="0.038281"/>
</iter>
<iter>
<kw name="Click button by name" owner="Keywords">
<kw name="Click Button" owner="SeleniumLibrary">
<msg time="2026-04-26T13:39:42.353497" level="INFO">Clicking button 'Add Element'.</msg>
<arg>${name}</arg>
<doc>Clicks the button identified by ``locator``.</doc>
<status status="PASS" start="2026-04-26T13:39:42.353353" elapsed="0.031201"/>
</kw>
<arg>Add Element</arg>
<status status="PASS" start="2026-04-26T13:39:42.353160" elapsed="0.031511"/>
</kw>
<kw name="Count by class" owner="Keywords">
<kw name="Get Element Count" owner="SeleniumLibrary">
<msg time="2026-04-26T13:39:42.389822" level="INFO">${resultado} = 9</msg>
<var>${resultado}</var>
<arg>xpath://button[@class='${class}']</arg>
<doc>Returns the number of elements matching ``locator``.</doc>
<status status="PASS" start="2026-04-26T13:39:42.385136" elapsed="0.004729"/>
</kw>
<return>
<value>${resultado}</value>
<status status="PASS" start="2026-04-26T13:39:42.389937" elapsed="0.000048"/>
</return>
<msg time="2026-04-26T13:39:42.390111" level="INFO">${cantidad} = 9</msg>
<var>${cantidad}</var>
<arg>added-manually</arg>
<status status="PASS" start="2026-04-26T13:39:42.384868" elapsed="0.005266"/>
</kw>
<kw name="Should Be Equal As Integers" owner="BuiltIn">
<arg>${cantidad}</arg>
<arg>${i}</arg>
<doc>Fails if objects are unequal after converting them to integers.</doc>
<status status="PASS" start="2026-04-26T13:39:42.390251" elapsed="0.000390"/>
</kw>
<var name="${i}">9</var>
<status status="PASS" start="2026-04-26T13:39:42.353054" elapsed="0.037636"/>
</iter>
<iter>
<kw name="Click button by name" owner="Keywords">
<kw name="Click Button" owner="SeleniumLibrary">
<msg time="2026-04-26T13:39:42.391278" level="INFO">Clicking button 'Add Element'.</msg>
<arg>${name}</arg>
<doc>Clicks the button identified by ``locator``.</doc>
<status status="PASS" start="2026-04-26T13:39:42.391126" elapsed="0.030879"/>
</kw>
<arg>Add Element</arg>
<status status="PASS" start="2026-04-26T13:39:42.390917" elapsed="0.031209"/>
</kw>
<kw name="Count by class" owner="Keywords">
<kw name="Get Element Count" owner="SeleniumLibrary">
<msg time="2026-04-26T13:39:42.427086" level="INFO">${resultado} = 10</msg>
<var>${resultado}</var>
<arg>xpath://button[@class='${class}']</arg>
<doc>Returns the number of elements matching ``locator``.</doc>
<status status="PASS" start="2026-04-26T13:39:42.422639" elapsed="0.004485"/>
</kw>
<return>
<value>${resultado}</value>
<status status="PASS" start="2026-04-26T13:39:42.427194" elapsed="0.000048"/>
</return>
<msg time="2026-04-26T13:39:42.427363" level="INFO">${cantidad} = 10</msg>
<var>${cantidad}</var>
<arg>added-manually</arg>
<status status="PASS" start="2026-04-26T13:39:42.422351" elapsed="0.005034"/>
</kw>
<kw name="Should Be Equal As Integers" owner="BuiltIn">
<arg>${cantidad}</arg>
<arg>${i}</arg>
<doc>Fails if objects are unequal after converting them to integers.</doc>
<status status="PASS" start="2026-04-26T13:39:42.427505" elapsed="0.000290"/>
</kw>
<var name="${i}">10</var>
<status status="PASS" start="2026-04-26T13:39:42.390802" elapsed="0.037055"/>
</iter>
<iter>
<kw name="Click button by name" owner="Keywords">
<kw name="Click Button" owner="SeleniumLibrary">
<msg time="2026-04-26T13:39:42.428404" level="INFO">Clicking button 'Add Element'.</msg>
<arg>${name}</arg>
<doc>Clicks the button identified by ``locator``.</doc>
<status status="PASS" start="2026-04-26T13:39:42.428258" elapsed="0.030404"/>
</kw>
<arg>Add Element</arg>
<status status="PASS" start="2026-04-26T13:39:42.428066" elapsed="0.030713"/>
</kw>
<kw name="Count by class" owner="Keywords">
<kw name="Get Element Count" owner="SeleniumLibrary">
<msg time="2026-04-26T13:39:42.463482" level="INFO">${resultado} = 11</msg>
<var>${resultado}</var>
<arg>xpath://button[@class='${class}']</arg>
<doc>Returns the number of elements matching ``locator``.</doc>
<status status="PASS" start="2026-04-26T13:39:42.459232" elapsed="0.004280"/>
</kw>
<return>
<value>${resultado}</value>
<status status="PASS" start="2026-04-26T13:39:42.463571" elapsed="0.000047"/>
</return>
<msg time="2026-04-26T13:39:42.463731" level="INFO">${cantidad} = 11</msg>
<var>${cantidad}</var>
<arg>added-manually</arg>
<status status="PASS" start="2026-04-26T13:39:42.458972" elapsed="0.004780"/>
</kw>
<kw name="Should Be Equal As Integers" owner="BuiltIn">
<arg>${cantidad}</arg>
<arg>${i}</arg>
<doc>Fails if objects are unequal after converting them to integers.</doc>
<status status="PASS" start="2026-04-26T13:39:42.463855" elapsed="0.000278"/>
</kw>
<var name="${i}">11</var>
<status status="PASS" start="2026-04-26T13:39:42.427959" elapsed="0.036214"/>
</iter>
<iter>
<kw name="Click button by name" owner="Keywords">
<kw name="Click Button" owner="SeleniumLibrary">
<msg time="2026-04-26T13:39:42.464713" level="INFO">Clicking button 'Add Element'.</msg>
<arg>${name}</arg>
<doc>Clicks the button identified by ``locator``.</doc>
<status status="PASS" start="2026-04-26T13:39:42.464555" elapsed="0.030739"/>
</kw>
<arg>Add Element</arg>
<status status="PASS" start="2026-04-26T13:39:42.464367" elapsed="0.031046"/>
</kw>
<kw name="Count by class" owner="Keywords">
<kw name="Get Element Count" owner="SeleniumLibrary">
<msg time="2026-04-26T13:39:42.500094" level="INFO">${resultado} = 12</msg>
<var>${resultado}</var>
<arg>xpath://button[@class='${class}']</arg>
<doc>Returns the number of elements matching ``locator``.</doc>
<status status="PASS" start="2026-04-26T13:39:42.495883" elapsed="0.004242"/>
</kw>
<return>
<value>${resultado}</value>
<status status="PASS" start="2026-04-26T13:39:42.500185" elapsed="0.000046"/>
</return>
<msg time="2026-04-26T13:39:42.500344" level="INFO">${cantidad} = 12</msg>
<var>${cantidad}</var>
<arg>added-manually</arg>
<status status="PASS" start="2026-04-26T13:39:42.495621" elapsed="0.004747"/>
</kw>
<kw name="Should Be Equal As Integers" owner="BuiltIn">
<arg>${cantidad}</arg>
<arg>${i}</arg>
<doc>Fails if objects are unequal after converting them to integers.</doc>
<status status="PASS" start="2026-04-26T13:39:42.500466" elapsed="0.000275"/>
</kw>
<var name="${i}">12</var>
<status status="PASS" start="2026-04-26T13:39:42.464270" elapsed="0.036511"/>
</iter>
<iter>
<kw name="Click button by name" owner="Keywords">
<kw name="Click Button" owner="SeleniumLibrary">
<msg time="2026-04-26T13:39:42.501310" level="INFO">Clicking button 'Add Element'.</msg>
<arg>${name}</arg>
<doc>Clicks the button identified by ``locator``.</doc>
<status status="PASS" start="2026-04-26T13:39:42.501166" elapsed="0.031309"/>
</kw>
<arg>Add Element</arg>
<status status="PASS" start="2026-04-26T13:39:42.500982" elapsed="0.031615"/>
</kw>
<kw name="Count by class" owner="Keywords">
<kw name="Get Element Count" owner="SeleniumLibrary">
<msg time="2026-04-26T13:39:42.537540" level="INFO">${resultado} = 13</msg>
<var>${resultado}</var>
<arg>xpath://button[@class='${class}']</arg>
<doc>Returns the number of elements matching ``locator``.</doc>
<status status="PASS" start="2026-04-26T13:39:42.533073" elapsed="0.004500"/>
</kw>
<return>
<value>${resultado}</value>
<status status="PASS" start="2026-04-26T13:39:42.537636" elapsed="0.000048"/>
</return>
<msg time="2026-04-26T13:39:42.537800" level="INFO">${cantidad} = 13</msg>
<var>${cantidad}</var>
<arg>added-manually</arg>
<status status="PASS" start="2026-04-26T13:39:42.532798" elapsed="0.005022"/>
</kw>
<kw name="Should Be Equal As Integers" owner="BuiltIn">
<arg>${cantidad}</arg>
<arg>${i}</arg>
<doc>Fails if objects are unequal after converting them to integers.</doc>
<status status="PASS" start="2026-04-26T13:39:42.537925" elapsed="0.000281"/>
</kw>
<var name="${i}">13</var>
<status status="PASS" start="2026-04-26T13:39:42.500880" elapsed="0.037367"/>
</iter>
<iter>
<kw name="Click button by name" owner="Keywords">
<kw name="Click Button" owner="SeleniumLibrary">
<msg time="2026-04-26T13:39:42.538973" level="INFO">Clicking button 'Add Element'.</msg>
<arg>${name}</arg>
<doc>Clicks the button identified by ``locator``.</doc>
<status status="PASS" start="2026-04-26T13:39:42.538787" elapsed="0.031065"/>
</kw>
<arg>Add Element</arg>
<status status="PASS" start="2026-04-26T13:39:42.538505" elapsed="0.031470"/>
</kw>
<kw name="Count by class" owner="Keywords">
<kw name="Get Element Count" owner="SeleniumLibrary">
<msg time="2026-04-26T13:39:42.575390" level="INFO">${resultado} = 14</msg>
<var>${resultado}</var>
<arg>xpath://button[@class='${class}']</arg>
<doc>Returns the number of elements matching ``locator``.</doc>
<status status="PASS" start="2026-04-26T13:39:42.570454" elapsed="0.004980"/>
</kw>
<return>
<value>${resultado}</value>
<status status="PASS" start="2026-04-26T13:39:42.575509" elapsed="0.000051"/>
</return>
<msg time="2026-04-26T13:39:42.575689" level="INFO">${cantidad} = 14</msg>
<var>${cantidad}</var>
<arg>added-manually</arg>
<status status="PASS" start="2026-04-26T13:39:42.570177" elapsed="0.005533"/>
</kw>
<kw name="Should Be Equal As Integers" owner="BuiltIn">
<arg>${cantidad}</arg>
<arg>${i}</arg>
<doc>Fails if objects are unequal after converting them to integers.</doc>
<status status="PASS" start="2026-04-26T13:39:42.575831" elapsed="0.000303"/>
</kw>
<var name="${i}">14</var>
<status status="PASS" start="2026-04-26T13:39:42.538344" elapsed="0.037830"/>
</iter>
<iter>
<kw name="Click button by name" owner="Keywords">
<kw name="Click Button" owner="SeleniumLibrary">
<msg time="2026-04-26T13:39:42.576726" level="INFO">Clicking button 'Add Element'.</msg>
<arg>${name}</arg>
<doc>Clicks the button identified by ``locator``.</doc>
<status status="PASS" start="2026-04-26T13:39:42.576580" elapsed="0.030867"/>
</kw>
<arg>Add Element</arg>
<status status="PASS" start="2026-04-26T13:39:42.576382" elapsed="0.031183"/>
</kw>
<kw name="Count by class" owner="Keywords">
<kw name="Get Element Count" owner="SeleniumLibrary">
<msg time="2026-04-26T13:39:42.612187" level="INFO">${resultado} = 15</msg>
<var>${resultado}</var>
<arg>xpath://button[@class='${class}']</arg>
<doc>Returns the number of elements matching ``locator``.</doc>
<status status="PASS" start="2026-04-26T13:39:42.608024" elapsed="0.004195"/>
</kw>
<return>
<value>${resultado}</value>
<status status="PASS" start="2026-04-26T13:39:42.612276" elapsed="0.000047"/>
</return>
<msg time="2026-04-26T13:39:42.612445" level="INFO">${cantidad} = 15</msg>
<var>${cantidad}</var>
<arg>added-manually</arg>
<status status="PASS" start="2026-04-26T13:39:42.607762" elapsed="0.004707"/>
</kw>
<kw name="Should Be Equal As Integers" owner="BuiltIn">
<arg>${cantidad}</arg>
<arg>${i}</arg>
<doc>Fails if objects are unequal after converting them to integers.</doc>
<status status="PASS" start="2026-04-26T13:39:42.612575" elapsed="0.000278"/>
</kw>
<var name="${i}">15</var>
<status status="PASS" start="2026-04-26T13:39:42.576275" elapsed="0.036623"/>
</iter>
<iter>
<kw name="Click button by name" owner="Keywords">
<kw name="Click Button" owner="SeleniumLibrary">
<msg time="2026-04-26T13:39:42.613438" level="INFO">Clicking button 'Add Element'.</msg>
<arg>${name}</arg>
<doc>Clicks the button identified by ``locator``.</doc>
<status status="PASS" start="2026-04-26T13:39:42.613298" elapsed="0.030758"/>
</kw>
<arg>Add Element</arg>
<status status="PASS" start="2026-04-26T13:39:42.613093" elapsed="0.031085"/>
</kw>
<kw name="Count by class" owner="Keywords">
<kw name="Get Element Count" owner="SeleniumLibrary">
<msg time="2026-04-26T13:39:42.649258" level="INFO">${resultado} = 16</msg>
<var>${resultado}</var>
<arg>xpath://button[@class='${class}']</arg>
<doc>Returns the number of elements matching ``locator``.</doc>
<status status="PASS" start="2026-04-26T13:39:42.644631" elapsed="0.004657"/>
</kw>
<return>
<value>${resultado}</value>
<status status="PASS" start="2026-04-26T13:39:42.649345" elapsed="0.000046"/>
</return>
<msg time="2026-04-26T13:39:42.649521" level="INFO">${cantidad} = 16</msg>
<var>${cantidad}</var>
<arg>added-manually</arg>
<status status="PASS" start="2026-04-26T13:39:42.644371" elapsed="0.005172"/>
</kw>
<kw name="Should Be Equal As Integers" owner="BuiltIn">
<arg>${cantidad}</arg>
<arg>${i}</arg>
<doc>Fails if objects are unequal after converting them to integers.</doc>
<status status="PASS" start="2026-04-26T13:39:42.649643" elapsed="0.000269"/>
</kw>
<var name="${i}">16</var>
<status status="PASS" start="2026-04-26T13:39:42.612996" elapsed="0.036955"/>
</iter>
<iter>
<kw name="Click button by name" owner="Keywords">
<kw name="Click Button" owner="SeleniumLibrary">
<msg time="2026-04-26T13:39:42.650466" level="INFO">Clicking button 'Add Element'.</msg>
<arg>${name}</arg>
<doc>Clicks the button identified by ``locator``.</doc>
<status status="PASS" start="2026-04-26T13:39:42.650327" elapsed="0.031281"/>
</kw>
<arg>Add Element</arg>
<status status="PASS" start="2026-04-26T13:39:42.650149" elapsed="0.031574"/>
</kw>
<kw name="Count by class" owner="Keywords">
<kw name="Get Element Count" owner="SeleniumLibrary">
<msg time="2026-04-26T13:39:42.686424" level="INFO">${resultado} = 17</msg>
<var>${resultado}</var>
<arg>xpath://button[@class='${class}']</arg>
<doc>Returns the number of elements matching ``locator``.</doc>
<status status="PASS" start="2026-04-26T13:39:42.682208" elapsed="0.004248"/>
</kw>
<return>
<value>${resultado}</value>
<status status="PASS" start="2026-04-26T13:39:42.686516" elapsed="0.000045"/>
</return>
<msg time="2026-04-26T13:39:42.686672" level="INFO">${cantidad} = 17</msg>
<var>${cantidad}</var>
<arg>added-manually</arg>
<status status="PASS" start="2026-04-26T13:39:42.681918" elapsed="0.004783"/>
</kw>
<kw name="Should Be Equal As Integers" owner="BuiltIn">
<arg>${cantidad}</arg>
<arg>${i}</arg>
<doc>Fails if objects are unequal after converting them to integers.</doc>
<status status="PASS" start="2026-04-26T13:39:42.686872" elapsed="0.000291"/>
</kw>
<var name="${i}">17</var>
<status status="PASS" start="2026-04-26T13:39:42.650047" elapsed="0.037158"/>
</iter>
<iter>
<kw name="Click button by name" owner="Keywords">
<kw name="Click Button" owner="SeleniumLibrary">
<msg time="2026-04-26T13:39:42.687734" level="INFO">Clicking button 'Add Element'.</msg>
<arg>${name}</arg>
<doc>Clicks the button identified by ``locator``.</doc>
<status status="PASS" start="2026-04-26T13:39:42.687587" elapsed="0.034216"/>
</kw>
<arg>Add Element</arg>
<status status="PASS" start="2026-04-26T13:39:42.687402" elapsed="0.034573"/>
</kw>
<kw name="Count by class" owner="Keywords">
<kw name="Get Element Count" owner="SeleniumLibrary">
<msg time="2026-04-26T13:39:42.727515" level="INFO">${resultado} = 18</msg>
<var>${resultado}</var>
<arg>xpath://button[@class='${class}']</arg>
<doc>Returns the number of elements matching ``locator``.</doc>
<status status="PASS" start="2026-04-26T13:39:42.722530" elapsed="0.005020"/>
</kw>
<return>
<value>${resultado}</value>
<status status="PASS" start="2026-04-26T13:39:42.727619" elapsed="0.000046"/>
</return>
<msg time="2026-04-26T13:39:42.727786" level="INFO">${cantidad} = 18</msg>
<var>${cantidad}</var>
<arg>added-manually</arg>
<status status="PASS" start="2026-04-26T13:39:42.722257" elapsed="0.005550"/>
</kw>
<kw name="Should Be Equal As Integers" owner="BuiltIn">
<arg>${cantidad}</arg>
<arg>${i}</arg>
<doc>Fails if objects are unequal after converting them to integers.</doc>
<status status="PASS" start="2026-04-26T13:39:42.727913" elapsed="0.000288"/>
</kw>
<var name="${i}">18</var>
<status status="PASS" start="2026-04-26T13:39:42.687304" elapsed="0.040939"/>
</iter>
<iter>
<kw name="Click button by name" owner="Keywords">
<kw name="Click Button" owner="SeleniumLibrary">
<msg time="2026-04-26T13:39:42.728766" level="INFO">Clicking button 'Add Element'.</msg>
<arg>${name}</arg>
<doc>Clicks the button identified by ``locator``.</doc>
<status status="PASS" start="2026-04-26T13:39:42.728627" elapsed="0.032910"/>
</kw>
<arg>Add Element</arg>
<status status="PASS" start="2026-04-26T13:39:42.728445" elapsed="0.033207"/>
</kw>
<kw name="Count by class" owner="Keywords">
<kw name="Get Element Count" owner="SeleniumLibrary">
<msg time="2026-04-26T13:39:42.766619" level="INFO">${resultado} = 19</msg>
<var>${resultado}</var>
<arg>xpath://button[@class='${class}']</arg>
<doc>Returns the number of elements matching ``locator``.</doc>
<status status="PASS" start="2026-04-26T13:39:42.762100" elapsed="0.004551"/>
</kw>
<return>
<value>${resultado}</value>
<status status="PASS" start="2026-04-26T13:39:42.766707" elapsed="0.000045"/>
</return>
<msg time="2026-04-26T13:39:42.766864" level="INFO">${cantidad} = 19</msg>
<var>${cantidad}</var>
<arg>added-manually</arg>
<status status="PASS" start="2026-04-26T13:39:42.761845" elapsed="0.005040"/>
</kw>
<kw name="Should Be Equal As Integers" owner="BuiltIn">
<arg>${cantidad}</arg>
<arg>${i}</arg>
<doc>Fails if objects are unequal after converting them to integers.</doc>
<status status="PASS" start="2026-04-26T13:39:42.766986" elapsed="0.000275"/>
</kw>
<var name="${i}">19</var>
<status status="PASS" start="2026-04-26T13:39:42.728343" elapsed="0.038959"/>
</iter>
<iter>
<kw name="Click button by name" owner="Keywords">
<kw name="Click Button" owner="SeleniumLibrary">
<msg time="2026-04-26T13:39:42.767835" level="INFO">Clicking button 'Add Element'.</msg>
<arg>${name}</arg>
<doc>Clicks the button identified by ``locator``.</doc>
<status status="PASS" start="2026-04-26T13:39:42.767697" elapsed="0.031478"/>
</kw>
<arg>Add Element</arg>
<status status="PASS" start="2026-04-26T13:39:42.767513" elapsed="0.031786"/>
</kw>
<kw name="Count by class" owner="Keywords">
<kw name="Get Element Count" owner="SeleniumLibrary">
<msg time="2026-04-26T13:39:42.804596" level="INFO">${resultado} = 20</msg>
<var>${resultado}</var>
<arg>xpath://button[@class='${class}']</arg>
<doc>Returns the number of elements matching ``locator``.</doc>
<status status="PASS" start="2026-04-26T13:39:42.799869" elapsed="0.004761"/>
</kw>
<return>
<value>${resultado}</value>
<status status="PASS" start="2026-04-26T13:39:42.804690" elapsed="0.000047"/>
</return>
<msg time="2026-04-26T13:39:42.804850" level="INFO">${cantidad} = 20</msg>
<var>${cantidad}</var>
<arg>added-manually</arg>
<status status="PASS" start="2026-04-26T13:39:42.799508" elapsed="0.005363"/>
</kw>
<kw name="Should Be Equal As Integers" owner="BuiltIn">
<arg>${cantidad}</arg>
<arg>${i}</arg>
<doc>Fails if objects are unequal after converting them to integers.</doc>
<status status="PASS" start="2026-04-26T13:39:42.804973" elapsed="0.000288"/>
</kw>
<var name="${i}">20</var>
<status status="PASS" start="2026-04-26T13:39:42.767402" elapsed="0.037899"/>
</iter>
<var>${i}</var>
<value>1</value>
<value>21</value>
<status status="PASS" start="2026-04-26T13:39:42.004855" elapsed="0.800541"/>
</for>
<for flavor="IN RANGE">
<iter>
<kw name="Click button by name" owner="Keywords">
<kw name="Click Button" owner="SeleniumLibrary">
<msg time="2026-04-26T13:39:42.806462" level="INFO">Clicking button 'Delete'.</msg>
<arg>${name}</arg>
<doc>Clicks the button identified by ``locator``.</doc>
<status status="PASS" start="2026-04-26T13:39:42.806294" elapsed="0.057616"/>
</kw>
<arg>Delete</arg>
<status status="PASS" start="2026-04-26T13:39:42.806000" elapsed="0.058027"/>
</kw>
<var name="${i}">1</var>
<status status="PASS" start="2026-04-26T13:39:42.805867" elapsed="0.058196"/>
</iter>
<iter>
<kw name="Click button by name" owner="Keywords">
<kw name="Click Button" owner="SeleniumLibrary">
<msg time="2026-04-26T13:39:42.864709" level="INFO">Clicking button 'Delete'.</msg>
<arg>${name}</arg>
<doc>Clicks the button identified by ``locator``.</doc>
<status status="PASS" start="2026-04-26T13:39:42.864545" elapsed="0.031747"/>
</kw>
<arg>Delete</arg>
<status status="PASS" start="2026-04-26T13:39:42.864331" elapsed="0.032080"/>
</kw>
<var name="${i}">2</var>
<status status="PASS" start="2026-04-26T13:39:42.864194" elapsed="0.032259"/>
</iter>
<iter>
<kw name="Click button by name" owner="Keywords">
<kw name="Click Button" owner="SeleniumLibrary">
<msg time="2026-04-26T13:39:42.897137" level="INFO">Clicking button 'Delete'.</msg>
<arg>${name}</arg>
<doc>Clicks the button identified by ``locator``.</doc>
<status status="PASS" start="2026-04-26T13:39:42.896965" elapsed="0.032695"/>
</kw>
<arg>Delete</arg>
<status status="PASS" start="2026-04-26T13:39:42.896731" elapsed="0.033051"/>
</kw>
<var name="${i}">3</var>
<status status="PASS" start="2026-04-26T13:39:42.896589" elapsed="0.033234"/>
</iter>
<iter>
<kw name="Click button by name" owner="Keywords">
<kw name="Click Button" owner="SeleniumLibrary">
<msg time="2026-04-26T13:39:42.930503" level="INFO">Clicking button 'Delete'.</msg>
<arg>${name}</arg>
<doc>Clicks the button identified by ``locator``.</doc>
<status status="PASS" start="2026-04-26T13:39:42.930334" elapsed="0.032402"/>
</kw>
<arg>Delete</arg>
<status status="PASS" start="2026-04-26T13:39:42.930100" elapsed="0.032757"/>
</kw>
<var name="${i}">4</var>
<status status="PASS" start="2026-04-26T13:39:42.929954" elapsed="0.032943"/>
</iter>
<iter>
<kw name="Click button by name" owner="Keywords">
<kw name="Click Button" owner="SeleniumLibrary">
<msg time="2026-04-26T13:39:42.963576" level="INFO">Clicking button 'Delete'.</msg>
<arg>${name}</arg>
<doc>Clicks the button identified by ``locator``.</doc>
<status status="PASS" start="2026-04-26T13:39:42.963408" elapsed="0.033906"/>
</kw>
<arg>Delete</arg>
<status status="PASS" start="2026-04-26T13:39:42.963172" elapsed="0.034263"/>
</kw>
<var name="${i}">5</var>
<status status="PASS" start="2026-04-26T13:39:42.963027" elapsed="0.034450"/>
</iter>
<iter>
<kw name="Click button by name" owner="Keywords">
<kw name="Click Button" owner="SeleniumLibrary">
<msg time="2026-04-26T13:39:42.998161" level="INFO">Clicking button 'Delete'.</msg>
<arg>${name}</arg>
<doc>Clicks the button identified by ``locator``.</doc>
<status status="PASS" start="2026-04-26T13:39:42.997990" elapsed="0.034123"/>
</kw>
<arg>Delete</arg>
<status status="PASS" start="2026-04-26T13:39:42.997758" elapsed="0.034476"/>
</kw>
<var name="${i}">6</var>
<status status="PASS" start="2026-04-26T13:39:42.997612" elapsed="0.034662"/>
</iter>
<iter>
<kw name="Click button by name" owner="Keywords">
<kw name="Click Button" owner="SeleniumLibrary">
<msg time="2026-04-26T13:39:43.032958" level="INFO">Clicking button 'Delete'.</msg>
<arg>${name}</arg>
<doc>Clicks the button identified by ``locator``.</doc>
<status status="PASS" start="2026-04-26T13:39:43.032792" elapsed="0.032566"/>
</kw>
<arg>Delete</arg>
<status status="PASS" start="2026-04-26T13:39:43.032552" elapsed="0.032927"/>
</kw>
<var name="${i}">7</var>
<status status="PASS" start="2026-04-26T13:39:43.032409" elapsed="0.033111"/>
</iter>
<iter>
<kw name="Click button by name" owner="Keywords">
<kw name="Click Button" owner="SeleniumLibrary">
<msg time="2026-04-26T13:39:43.066198" level="INFO">Clicking button 'Delete'.</msg>
<arg>${name}</arg>
<doc>Clicks the button identified by ``locator``.</doc>
<status status="PASS" start="2026-04-26T13:39:43.066027" elapsed="0.032167"/>
</kw>
<arg>Delete</arg>
<status status="PASS" start="2026-04-26T13:39:43.065797" elapsed="0.032515"/>
</kw>
<var name="${i}">8</var>
<status status="PASS" start="2026-04-26T13:39:43.065654" elapsed="0.032700"/>
</iter>
<iter>
<kw name="Click button by name" owner="Keywords">
<kw name="Click Button" owner="SeleniumLibrary">
<msg time="2026-04-26T13:39:43.099034" level="INFO">Clicking button 'Delete'.</msg>
<arg>${name}</arg>
<doc>Clicks the button identified by ``locator``.</doc>
<status status="PASS" start="2026-04-26T13:39:43.098865" elapsed="0.032243"/>
</kw>
<arg>Delete</arg>
<status status="PASS" start="2026-04-26T13:39:43.098631" elapsed="0.032596"/>
</kw>
<var name="${i}">9</var>
<status status="PASS" start="2026-04-26T13:39:43.098487" elapsed="0.032780"/>
</iter>
<iter>
<kw name="Click button by name" owner="Keywords">
<kw name="Click Button" owner="SeleniumLibrary">
<msg time="2026-04-26T13:39:43.131945" level="INFO">Clicking button 'Delete'.</msg>
<arg>${name}</arg>
<doc>Clicks the button identified by ``locator``.</doc>
<status status="PASS" start="2026-04-26T13:39:43.131777" elapsed="0.032164"/>
</kw>
<arg>Delete</arg>
<status status="PASS" start="2026-04-26T13:39:43.131543" elapsed="0.032517"/>
</kw>
<var name="${i}">10</var>
<status status="PASS" start="2026-04-26T13:39:43.131398" elapsed="0.032704"/>
</iter>
<iter>
<kw name="Click button by name" owner="Keywords">
<kw name="Click Button" owner="SeleniumLibrary">
<msg time="2026-04-26T13:39:43.164789" level="INFO">Clicking button 'Delete'.</msg>
<arg>${name}</arg>
<doc>Clicks the button identified by ``locator``.</doc>
<status status="PASS" start="2026-04-26T13:39:43.164619" elapsed="0.032438"/>
</kw>
<arg>Delete</arg>
<status status="PASS" start="2026-04-26T13:39:43.164383" elapsed="0.032802"/>
</kw>
<var name="${i}">11</var>
<status status="PASS" start="2026-04-26T13:39:43.164238" elapsed="0.032989"/>
</iter>
<iter>
<kw name="Click button by name" owner="Keywords">
<kw name="Click Button" owner="SeleniumLibrary">
<msg time="2026-04-26T13:39:43.197914" level="INFO">Clicking button 'Delete'.</msg>
<arg>${name}</arg>
<doc>Clicks the button identified by ``locator``.</doc>
<status status="PASS" start="2026-04-26T13:39:43.197746" elapsed="0.032791"/>
</kw>
<arg>Delete</arg>
<status status="PASS" start="2026-04-26T13:39:43.197513" elapsed="0.033142"/>
</kw>
<var name="${i}">12</var>
<status status="PASS" start="2026-04-26T13:39:43.197359" elapsed="0.033337"/>
</iter>
<iter>
<kw name="Click button by name" owner="Keywords">
<kw name="Click Button" owner="SeleniumLibrary">
<msg time="2026-04-26T13:39:43.231378" level="INFO">Clicking button 'Delete'.</msg>
<arg>${name}</arg>
<doc>Clicks the button identified by ``locator``.</doc>
<status status="PASS" start="2026-04-26T13:39:43.231208" elapsed="0.031663"/>
</kw>
<arg>Delete</arg>
<status status="PASS" start="2026-04-26T13:39:43.230976" elapsed="0.032015"/>
</kw>
<var name="${i}">13</var>
<status status="PASS" start="2026-04-26T13:39:43.230829" elapsed="0.032204"/>
</iter>
<iter>
<kw name="Click button by name" owner="Keywords">
<kw name="Click Button" owner="SeleniumLibrary">
<msg time="2026-04-26T13:39:43.263707" level="INFO">Clicking button 'Delete'.</msg>
<arg>${name}</arg>
<doc>Clicks the button identified by ``locator``.</doc>
<status status="PASS" start="2026-04-26T13:39:43.263540" elapsed="0.031163"/>
</kw>
<arg>Delete</arg>
<status status="PASS" start="2026-04-26T13:39:43.263303" elapsed="0.031521"/>
</kw>
<var name="${i}">14</var>
<status status="PASS" start="2026-04-26T13:39:43.263162" elapsed="0.031704"/>
</iter>
<iter>
<kw name="Click button by name" owner="Keywords">
<kw name="Click Button" owner="SeleniumLibrary">
<msg time="2026-04-26T13:39:43.295571" level="INFO">Clicking button 'Delete'.</msg>
<arg>${name}</arg>
<doc>Clicks the button identified by ``locator``.</doc>
<status status="PASS" start="2026-04-26T13:39:43.295397" elapsed="0.031299"/>
</kw>
<arg>Delete</arg>
<status status="PASS" start="2026-04-26T13:39:43.295144" elapsed="0.031698"/>
</kw>
<var name="${i}">15</var>
<status status="PASS" start="2026-04-26T13:39:43.294999" elapsed="0.031888"/>
</iter>
<iter>
<kw name="Click button by name" owner="Keywords">
<kw name="Click Button" owner="SeleniumLibrary">
<msg time="2026-04-26T13:39:43.327566" level="INFO">Clicking button 'Delete'.</msg>
<arg>${name}</arg>
<doc>Clicks the button identified by ``locator``.</doc>
<status status="PASS" start="2026-04-26T13:39:43.327397" elapsed="0.046692"/>
</kw>
<arg>Delete</arg>
<status status="PASS" start="2026-04-26T13:39:43.327162" elapsed="0.047047"/>
</kw>
<var name="${i}">16</var>
<status status="PASS" start="2026-04-26T13:39:43.327018" elapsed="0.047228"/>
</iter>
<iter>
<kw name="Click button by name" owner="Keywords">
<kw name="Click Button" owner="SeleniumLibrary">
<msg time="2026-04-26T13:39:43.374891" level="INFO">Clicking button 'Delete'.</msg>
<arg>${name}</arg>
<doc>Clicks the button identified by ``locator``.</doc>
<status status="PASS" start="2026-04-26T13:39:43.374733" elapsed="0.030828"/>
</kw>
<arg>Delete</arg>
<status status="PASS" start="2026-04-26T13:39:43.374515" elapsed="0.031169"/>
</kw>
<var name="${i}">17</var>
<status status="PASS" start="2026-04-26T13:39:43.374378" elapsed="0.031347"/>
</iter>
<iter>
<kw name="Click button by name" owner="Keywords">
<kw name="Click Button" owner="SeleniumLibrary">
<msg time="2026-04-26T13:39:43.406565" level="INFO">Clicking button 'Delete'.</msg>
<arg>${name}</arg>
<doc>Clicks the button identified by ``locator``.</doc>
<status status="PASS" start="2026-04-26T13:39:43.406374" elapsed="0.031537"/>
</kw>
<arg>Delete</arg>
<status status="PASS" start="2026-04-26T13:39:43.406103" elapsed="0.031941"/>
</kw>
<var name="${i}">18</var>
<status status="PASS" start="2026-04-26T13:39:43.405864" elapsed="0.032224"/>
</iter>
<iter>
<kw name="Click button by name" owner="Keywords">
<kw name="Click Button" owner="SeleniumLibrary">
<msg time="2026-04-26T13:39:43.438813" level="INFO">Clicking button 'Delete'.</msg>
<arg>${name}</arg>
<doc>Clicks the button identified by ``locator``.</doc>
<status status="PASS" start="2026-04-26T13:39:43.438634" elapsed="0.032025"/>
</kw>
<arg>Delete</arg>
<status status="PASS" start="2026-04-26T13:39:43.438367" elapsed="0.032417"/>
</kw>
<var name="${i}">19</var>
<status status="PASS" start="2026-04-26T13:39:43.438222" elapsed="0.032604"/>
</iter>
<iter>
<kw name="Click button by name" owner="Keywords">
<kw name="Click Button" owner="SeleniumLibrary">
<msg time="2026-04-26T13:39:43.471514" level="INFO">Clicking button 'Delete'.</msg>
<arg>${name}</arg>
<doc>Clicks the button identified by ``locator``.</doc>
<status status="PASS" start="2026-04-26T13:39:43.471344" elapsed="0.032632"/>
</kw>
<arg>Delete</arg>
<status status="PASS" start="2026-04-26T13:39:43.471103" elapsed="0.032997"/>
</kw>
<var name="${i}">20</var>
<status status="PASS" start="2026-04-26T13:39:43.470959" elapsed="0.033184"/>
</iter>
<var>${i}</var>
<value>1</value>
<value>21</value>
<status status="PASS" start="2026-04-26T13:39:42.805657" elapsed="0.698534"/>
</for>
<kw name="Page Should Not Contain Element" owner="SeleniumLibrary">
<msg time="2026-04-26T13:39:43.509035" level="INFO">Current page does not contain element 'xpath://button[@class='added-manually']'.</msg>
<arg>xpath://button[@class='added-manually']</arg>
<doc>Verifies that element ``locator`` is not found on the current page.</doc>
<status status="PASS" start="2026-04-26T13:39:43.504465" elapsed="0.004672"/>
</kw>
<kw name="Close Browser" owner="SeleniumLibrary" type="TEARDOWN">
<doc>Closes the current browser.</doc>
<status status="PASS" start="2026-04-26T13:39:43.509554" elapsed="2.095311"/>
</kw>
<status status="PASS" start="2026-04-26T13:39:38.557270" elapsed="7.047904"/>
</test>
<test id="s1-t2" name="Basic auth con credenciales validas" line="32">
<kw name="Open Browser" owner="SeleniumLibrary">
<msg time="2026-04-26T13:39:45.606491" level="INFO">Opening browser 'chrome' to base url 'https://admin:admin@the-internet.herokuapp.com/basic_auth'.</msg>
<arg>https://${VALID-USER}:${VALID-PSW}@${URL-BASIC-AUTH}</arg>
<arg>${BROWSER}</arg>
<doc>Opens a new browser instance to the optional ``url``.</doc>
<status status="PASS" start="2026-04-26T13:39:45.606149" elapsed="2.213844"/>
</kw>
<kw name="Page Should Contain" owner="SeleniumLibrary">
<msg time="2026-04-26T13:39:47.829327" level="INFO">Current page contains text 'Congratulations'.</msg>
<arg>Congratulations</arg>
<doc>Verifies that current page contains ``text``.</doc>
<status status="PASS" start="2026-04-26T13:39:47.820299" elapsed="0.009160"/>
</kw>
<kw name="Close Browser" owner="SeleniumLibrary" type="TEARDOWN">
<doc>Closes the current browser.</doc>
<status status="PASS" start="2026-04-26T13:39:47.829895" elapsed="2.109463"/>
</kw>
<status status="PASS" start="2026-04-26T13:39:45.605685" elapsed="4.333925"/>
</test>
<test id="s1-t3" name="Basic auth con credenciales invalidas" line="38">
<kw name="Open Browser" owner="SeleniumLibrary">
<msg time="2026-04-26T13:39:49.940593" level="INFO">Opening browser 'chrome' to base url 'https://admin1:admin1@the-internet.herokuapp.com/basic_auth'.</msg>
<arg>https://${INVALID-USER}:${INVALID-PSW}@${URL-BASIC-AUTH}</arg>
<arg>${BROWSER}</arg>
<doc>Opens a new browser instance to the optional ``url``.</doc>
<status status="PASS" start="2026-04-26T13:39:49.940341" elapsed="1.602123"/>
</kw>
<kw name="Page Should Not Contain" owner="SeleniumLibrary">
<msg time="2026-04-26T13:39:51.561075" level="INFO">Current page does not contain text 'Congratulations'.</msg>
<arg>Congratulations</arg>
<doc>Verifies the current page does not contain ``text``.</doc>
<status status="PASS" start="2026-04-26T13:39:51.542876" elapsed="0.018325"/>
</kw>
<kw name="Close Browser" owner="SeleniumLibrary" type="TEARDOWN">
<doc>Closes the current browser.</doc>
<status status="PASS" start="2026-04-26T13:39:51.561758" elapsed="2.101244"/>
</kw>
<status status="PASS" start="2026-04-26T13:39:49.940017" elapsed="3.723289"/>
</test>
<test id="s1-t4" name="Select checkboxes" line="46">
<kw name="Open Browser" owner="SeleniumLibrary">
<msg time="2026-04-26T13:39:53.664365" level="INFO">Opening browser 'chrome' to base url 'https://the-internet.herokuapp.com/checkboxes'.</msg>
<arg>${URL-CHECKBOXES}</arg>
<arg>${BROWSER}</arg>
<doc>Opens a new browser instance to the optional ``url``.</doc>
<status status="PASS" start="2026-04-26T13:39:53.664095" elapsed="2.133006"/>
</kw>
<kw name="Select Checkbox" owner="SeleniumLibrary">
<msg time="2026-04-26T13:39:55.797612" level="INFO">Selecting checkbox 'xpath://form[@id='checkboxes']/input[1]'.</msg>
<arg>xpath://form[@id='checkboxes']/input[1]</arg>
<doc>Selects the checkbox identified by ``locator``.</doc>
<status status="PASS" start="2026-04-26T13:39:55.797400" elapsed="0.115540"/>
</kw>
<kw name="Checkbox Should Be Selected" owner="SeleniumLibrary">
<msg time="2026-04-26T13:39:55.913563" level="INFO">Verifying checkbox 'xpath://form[@id='checkboxes']/input[1]' is selected.</msg>
<arg>xpath://form[@id='checkboxes']/input[1]</arg>
<doc>Verifies checkbox ``locator`` is selected/checked.</doc>
<status status="PASS" start="2026-04-26T13:39:55.913276" elapsed="0.012751"/>
</kw>
<kw name="Select Checkbox" owner="SeleniumLibrary">
<msg time="2026-04-26T13:39:55.926536" level="INFO">Selecting checkbox 'xpath://form[@id='checkboxes']/input[2]'.</msg>
<arg>xpath://form[@id='checkboxes']/input[2]</arg>
<doc>Selects the checkbox identified by ``locator``.</doc>
<status status="PASS" start="2026-04-26T13:39:55.926325" elapsed="0.015476"/>
</kw>
<kw name="Checkbox Should Be Selected" owner="SeleniumLibrary">
<msg time="2026-04-26T13:39:55.942317" level="INFO">Verifying checkbox 'xpath://form[@id='checkboxes']/input[2]' is selected.</msg>
<arg>xpath://form[@id='checkboxes']/input[2]</arg>
<doc>Verifies checkbox ``locator`` is selected/checked.</doc>
<status status="PASS" start="2026-04-26T13:39:55.942101" elapsed="0.012561"/>
</kw>
<kw name="Close Browser" owner="SeleniumLibrary" type="TEARDOWN">
<doc>Closes the current browser.</doc>
<status status="PASS" start="2026-04-26T13:39:55.955201" elapsed="2.088080"/>
</kw>
<status status="PASS" start="2026-04-26T13:39:53.663689" elapsed="4.379890"/>
</test>
<test id="s1-t5" name="Context menu" line="59">
<kw name="Open Browser" owner="SeleniumLibrary">
<msg time="2026-04-26T13:39:58.045994" level="INFO">Opening browser 'chrome' to base url 'https://the-internet.herokuapp.com/context_menu'.</msg>
<arg>${URL-CONTEXT-MENU}</arg>
<arg>${BROWSER}</arg>
<doc>Opens a new browser instance to the optional ``url``.</doc>
<status status="PASS" start="2026-04-26T13:39:58.045794" elapsed="2.270687"/>
</kw>
<kw name="Open Context Menu" owner="SeleniumLibrary">
<arg>id:hot-spot</arg>
<doc>Opens the context menu on the element identified by ``locator``.</doc>
<status status="PASS" start="2026-04-26T13:40:00.316792" elapsed="0.282260"/>
</kw>
<kw name="Alert Should Be Present" owner="SeleniumLibrary">
<msg time="2026-04-26T13:40:00.599502" level="INFO">HANDLE::&lt;class 'NoneType'&gt;::None</msg>
<arg>You selected a context menu</arg>
<doc>Verifies that an alert is present and by default, accepts it.</doc>
<status status="PASS" start="2026-04-26T13:40:00.599349" elapsed="0.002607"/>
</kw>
<kw name="Alert Should Not Be Present" owner="SeleniumLibrary">
<doc>Verifies that no alert is present.</doc>
<status status="PASS" start="2026-04-26T13:40:00.602209" elapsed="5.033606"/>
</kw>
<kw name="Close Browser" owner="SeleniumLibrary" type="TEARDOWN">
<doc>Closes the current browser.</doc>
<status status="PASS" start="2026-04-26T13:40:05.636299" elapsed="2.112055"/>
</kw>
<status status="PASS" start="2026-04-26T13:39:58.045500" elapsed="9.703175"/>
</test>
<test id="s1-t6" name="Disappearing elements" line="71">
<kw name="Open Browser" owner="SeleniumLibrary">
<msg time="2026-04-26T13:40:07.749838" level="INFO">Opening browser 'chrome' to base url 'https://the-internet.herokuapp.com/disappearing_elements'.</msg>
<arg>${URL-DISAPPEARING-ELEMENTS}</arg>
<arg>${BROWSER}</arg>
<doc>Opens a new browser instance to the optional ``url``.</doc>
<status status="PASS" start="2026-04-26T13:40:07.749588" elapsed="2.342073"/>
</kw>
<while condition="${TRUE}">
<iter>
<kw name="Run Keyword And Return Status" owner="BuiltIn">
<kw name="Page Should Contain Element" owner="SeleniumLibrary">
<msg time="2026-04-26T13:40:10.100758" level="INFO">Current page contains element 'xpath://a[text()='Gallery']'.</msg>
<arg>xpath://a[text()='Gallery']</arg>
<doc>Verifies that element ``locator`` is found on the current page.</doc>
<status status="PASS" start="2026-04-26T13:40:10.092692" elapsed="0.008210"/>
</kw>
<msg time="2026-04-26T13:40:10.101072" level="INFO">${galery} = True</msg>
<var>${galery}</var>
<arg>Page Should Contain Element</arg>
<arg>xpath://a[text()='Gallery']</arg>
<doc>Runs the specified keyword and returns the status as a Boolean value.</doc>
<status status="PASS" start="2026-04-26T13:40:10.092294" elapsed="0.008802"/>
</kw>
<if>
<branch type="IF" condition="${galery}">
<break>
<status status="PASS" start="2026-04-26T13:40:10.101319" elapsed="0.000052"/>
</break>
<status status="PASS" start="2026-04-26T13:40:10.101217" elapsed="0.000214"/>
</branch>
<branch type="ELSE">
<kw name="Reload Page" owner="SeleniumLibrary">
<doc>Simulates user reloading page.</doc>
<status status="NOT RUN" start="2026-04-26T13:40:10.101598" elapsed="0.000026"/>
</kw>
<kw name="Sleep" owner="BuiltIn">
<arg>0.5s</arg>
<doc>Pauses the test executed for the given time.</doc>
<status status="NOT RUN" start="2026-04-26T13:40:10.101725" elapsed="0.000024"/>
</kw>
<status status="NOT RUN" start="2026-04-26T13:40:10.101475" elapsed="0.000305"/>
</branch>
<status status="PASS" start="2026-04-26T13:40:10.101180" elapsed="0.000628"/>
</if>
<status status="PASS" start="2026-04-26T13:40:10.091910" elapsed="0.009928"/>
</iter>
<status status="PASS" start="2026-04-26T13:40:10.091908" elapsed="0.009969"/>
</while>
<kw name="Element Should Be Visible" owner="SeleniumLibrary">
<msg time="2026-04-26T13:40:10.112029" level="INFO">Element 'xpath://a[text()='Gallery']' is displayed.</msg>
<arg>xpath://a[text()='Gallery']</arg>
<doc>Verifies that the element identified by ``locator`` is visible.</doc>
<status status="PASS" start="2026-04-26T13:40:10.102106" elapsed="0.010059"/>
</kw>
<kw name="Close Browser" owner="SeleniumLibrary" type="TEARDOWN">
<doc>Closes the current browser.</doc>
<status status="PASS" start="2026-04-26T13:40:10.112534" elapsed="2.103653"/>
</kw>
<status status="PASS" start="2026-04-26T13:40:07.749182" elapsed="4.467346"/>
</test>
<test id="s1-t7" name="Drag and drop" line="90">
<kw name="Open Browser" owner="SeleniumLibrary">
<msg time="2026-04-26T13:40:12.217680" level="INFO">Opening browser 'chrome' to base url 'https://the-internet.herokuapp.com/drag_and_drop'.</msg>
<arg>${URL-DRAG-N-DROP}</arg>
<arg>${BROWSER}</arg>
<doc>Opens a new browser instance to the optional ``url``.</doc>
<status status="PASS" start="2026-04-26T13:40:12.217435" elapsed="2.193845"/>
</kw>
<kw name="Drag And Drop" owner="SeleniumLibrary">
<arg>id:column-a</arg>
<arg>id:column-b</arg>
<doc>Drags the element identified by ``locator`` into the ``target`` element.</doc>
<status status="PASS" start="2026-04-26T13:40:14.411583" elapsed="0.556405"/>
</kw>
<kw name="Element Text Should Be" owner="SeleniumLibrary">
<msg time="2026-04-26T13:40:14.968640" level="INFO">Verifying element 'id:column-a' contains exact text 'B'.</msg>
<arg>id:column-a</arg>
<arg>B</arg>
<doc>Verifies that element ``locator`` contains exact the text ``expected``.</doc>
<status status="PASS" start="2026-04-26T13:40:14.968375" elapsed="0.013026"/>
</kw>
<kw name="Drag And Drop" owner="SeleniumLibrary">
<arg>id:column-b</arg>
<arg>id:column-a</arg>
<doc>Drags the element identified by ``locator`` into the ``target`` element.</doc>
<status status="PASS" start="2026-04-26T13:40:14.981687" elapsed="0.536981"/>
</kw>
<kw name="Element Text Should Be" owner="SeleniumLibrary">
<msg time="2026-04-26T13:40:15.519351" level="INFO">Verifying element 'id:column-a' contains exact text 'A'.</msg>
<arg>id:column-a</arg>
<arg>A</arg>
<doc>Verifies that element ``locator`` contains exact the text ``expected``.</doc>
<status status="PASS" start="2026-04-26T13:40:15.519079" elapsed="0.008956"/>
</kw>
<kw name="Close Browser" owner="SeleniumLibrary" type="TEARDOWN">
<doc>Closes the current browser.</doc>
<status status="PASS" start="2026-04-26T13:40:15.528433" elapsed="2.100210"/>
</kw>
<status status="PASS" start="2026-04-26T13:40:12.217044" elapsed="5.411849"/>
</test>
<test id="s1-t8" name="Dynamic controls" line="98">
<kw name="Open Browser" owner="SeleniumLibrary">
<msg time="2026-04-26T13:40:17.629958" level="INFO">Opening browser 'chrome' to base url 'https://the-internet.herokuapp.com/dynamic_controls'.</msg>
<arg>${URL-DYNAMIC-CONTROLS}</arg>
<arg>${BROWSER}</arg>
<doc>Opens a new browser instance to the optional ``url``.</doc>
<status status="PASS" start="2026-04-26T13:40:17.629752" elapsed="2.193850"/>
</kw>
<kw name="Click Button" owner="SeleniumLibrary">
<msg time="2026-04-26T13:40:19.824170" level="INFO">Clicking button 'xpath://button[text()='Remove']'.</msg>
<arg>xpath://button[text()='Remove']</arg>
<doc>Clicks the button identified by ``locator``.</doc>
<status status="PASS" start="2026-04-26T13:40:19.823920" elapsed="0.058148"/>
</kw>
<kw name="Validar elemento no visible" owner="Keywords">
<kw name="Wait Until Element Is Not Visible" owner="SeleniumLibrary">
<arg>${locator}</arg>
<arg>timeout=10s</arg>
<doc>Waits until the element ``locator`` is not visible.</doc>
<status status="PASS" start="2026-04-26T13:40:19.882664" elapsed="3.155442"/>
</kw>
<arg>id:checkbox</arg>
<status status="PASS" start="2026-04-26T13:40:19.882410" elapsed="3.155807"/>
</kw>
<kw name="Click Button" owner="SeleniumLibrary">
<msg time="2026-04-26T13:40:23.038637" level="INFO">Clicking button 'xpath://button[text()='Enable']'.</msg>
<arg>xpath://button[text()='Enable']</arg>
<doc>Clicks the button identified by ``locator``.</doc>
<status status="PASS" start="2026-04-26T13:40:23.038449" elapsed="0.041762"/>
</kw>
<kw name="Wait Until Element Is Enabled" owner="SeleniumLibrary">
<arg>xpath://input[@type='text']</arg>
<doc>Waits until the element ``locator`` is enabled.</doc>
<status status="PASS" start="2026-04-26T13:40:23.080510" elapsed="3.148412"/>
</kw>
<kw name="Close Browser" owner="SeleniumLibrary" type="TEARDOWN">
<doc>Closes the current browser.</doc>
<status status="PASS" start="2026-04-26T13:40:26.229271" elapsed="2.106089"/>
</kw>
<status status="PASS" start="2026-04-26T13:40:17.629366" elapsed="10.706315"/>
</test>
<test id="s1-t9" name="Floating menu" line="106">
<kw name="Open Browser" owner="SeleniumLibrary">
<msg time="2026-04-26T13:40:28.336749" level="INFO">Opening browser 'chrome' to base url 'https://the-internet.herokuapp.com/floating_menu'.</msg>
<arg>${URL-FLOATING-MENU}</arg>
<arg>${BROWSER}</arg>
<doc>Opens a new browser instance to the optional ``url``.</doc>
<status status="PASS" start="2026-04-26T13:40:28.336496" elapsed="2.242108"/>
</kw>
<kw name="Execute Javascript" owner="SeleniumLibrary">
<msg time="2026-04-26T13:40:30.579314" level="INFO">Executing JavaScript:
window.scrollTo(0, document.body.scrollHeight)
Without any arguments.</msg>
<arg>window.scrollTo(0, document.body.scrollHeight)</arg>
<doc>Executes the given JavaScript code with possible arguments.</doc>
<status status="PASS" start="2026-04-26T13:40:30.578929" elapsed="0.004224"/>
</kw>
<kw name="Element Should Be Visible" owner="SeleniumLibrary">
<msg time="2026-04-26T13:40:30.597763" level="INFO">Element 'id:menu' is displayed.</msg>
<arg>id:menu</arg>
<doc>Verifies that the element identified by ``locator`` is visible.</doc>
<status status="PASS" start="2026-04-26T13:40:30.583433" elapsed="0.014461"/>
</kw>
<kw name="Close Browser" owner="SeleniumLibrary" type="TEARDOWN">
<doc>Closes the current browser.</doc>
<status status="PASS" start="2026-04-26T13:40:30.598271" elapsed="2.108609"/>
</kw>
<status status="PASS" start="2026-04-26T13:40:28.336125" elapsed="4.371093"/>
</test>
<test id="s1-t10" name="Login exitoso y logout" line="112">
<kw name="Open Browser" owner="SeleniumLibrary">
<msg time="2026-04-26T13:40:32.708473" level="INFO">Opening browser 'chrome' to base url 'https://the-internet.herokuapp.com/login'.</msg>
<arg>${URL-AUTH-FORM}</arg>
<arg>${BROWSER}</arg>
<doc>Opens a new browser instance to the optional ``url``.</doc>
<status status="PASS" start="2026-04-26T13:40:32.708201" elapsed="2.290175"/>
</kw>
<kw name="Input Text" owner="SeleniumLibrary">
<msg time="2026-04-26T13:40:34.998978" level="INFO">Typing text 'tomsmith' into text field 'id:username'.</msg>
<arg>id:username</arg>
<arg>tomsmith</arg>
<doc>Types the given ``text`` into the text field identified by ``locator``.</doc>
<status status="PASS" start="2026-04-26T13:40:34.998708" elapsed="0.055644"/>
</kw>
<kw name="Input Text" owner="SeleniumLibrary">
<msg time="2026-04-26T13:40:35.054921" level="INFO">Typing text 'SuperSecretPassword!' into text field 'id:password'.</msg>
<arg>id:password</arg>
<arg>SuperSecretPassword!</arg>
<doc>Types the given ``text`` into the text field identified by ``locator``.</doc>
<status status="PASS" start="2026-04-26T13:40:35.054696" elapsed="0.044301"/>
</kw>
<kw name="Click Button" owner="SeleniumLibrary">
<msg time="2026-04-26T13:40:35.099489" level="INFO">Clicking button 'xpath://button[@type='submit']'.</msg>
<arg>xpath://button[@type='submit']</arg>
<doc>Clicks the button identified by ``locator``.</doc>
<status status="PASS" start="2026-04-26T13:40:35.099287" elapsed="0.244586"/>
</kw>
<kw name="Wait Until Page Contains" owner="SeleniumLibrary">
<arg>You logged into a secure area!</arg>
<arg>timeout=10s</arg>
<doc>Waits until ``text`` appears on the current page.</doc>
<status status="PASS" start="2026-04-26T13:40:35.344177" elapsed="0.007647"/>
</kw>
<kw name="Click Element" owner="SeleniumLibrary">
<msg time="2026-04-26T13:40:35.352390" level="INFO">Clicking element 'xpath://a[@href='/logout']'.</msg>
<arg>xpath://a[@href='/logout']</arg>
<doc>Click the element identified by ``locator``.</doc>
<status status="PASS" start="2026-04-26T13:40:35.352148" elapsed="0.227371"/>
</kw>
<kw name="Wait Until Page Contains" owner="SeleniumLibrary">
<arg>You logged out of the secure area!</arg>
<arg>timeout=10s</arg>
<doc>Waits until ``text`` appears on the current page.</doc>
<status status="PASS" start="2026-04-26T13:40:35.579812" elapsed="0.007476"/>
</kw>
<kw name="Close Browser" owner="SeleniumLibrary" type="TEARDOWN">
<doc>Closes the current browser.</doc>
<status status="PASS" start="2026-04-26T13:40:35.587650" elapsed="2.107103"/>
</kw>
<status status="PASS" start="2026-04-26T13:40:32.707785" elapsed="4.987271"/>
</test>
<test id="s1-t11" name="Login invalido" line="122">
<kw name="Open Browser" owner="SeleniumLibrary">
<msg time="2026-04-26T13:40:37.696312" level="INFO">Opening browser 'chrome' to base url 'https://the-internet.herokuapp.com/login'.</msg>
<arg>${URL-AUTH-FORM}</arg>
<arg>${BROWSER}</arg>
<doc>Opens a new browser instance to the optional ``url``.</doc>
<status status="PASS" start="2026-04-26T13:40:37.696063" elapsed="2.305722"/>
</kw>
<kw name="Input Text" owner="SeleniumLibrary">
<msg time="2026-04-26T13:40:40.002331" level="INFO">Typing text 'tomsmith1' into text field 'id:username'.</msg>
<arg>id:username</arg>
<arg>tomsmith1</arg>
<doc>Types the given ``text`` into the text field identified by ``locator``.</doc>
<status status="PASS" start="2026-04-26T13:40:40.002095" elapsed="0.057177"/>
</kw>
<kw name="Input Text" owner="SeleniumLibrary">
<msg time="2026-04-26T13:40:40.059800" level="INFO">Typing text 'SuperSecretPassword!' into text field 'id:password'.</msg>
<arg>id:password</arg>
<arg>SuperSecretPassword!</arg>
<doc>Types the given ``text`` into the text field identified by ``locator``.</doc>
<status status="PASS" start="2026-04-26T13:40:40.059600" elapsed="0.044412"/>
</kw>
<kw name="Click Button" owner="SeleniumLibrary">
<msg time="2026-04-26T13:40:40.104498" level="INFO">Clicking button 'xpath://button[@type='submit']'.</msg>
<arg>xpath://button[@type='submit']</arg>
<doc>Clicks the button identified by ``locator``.</doc>
<status status="PASS" start="2026-04-26T13:40:40.104297" elapsed="0.258780"/>
</kw>
<kw name="Wait Until Page Contains" owner="SeleniumLibrary">
<arg>Your username is invalid!</arg>
<arg>timeout=10s</arg>
<doc>Waits until ``text`` appears on the current page.</doc>
<status status="PASS" start="2026-04-26T13:40:40.363380" elapsed="0.007958"/>
</kw>
<kw name="Input Text" owner="SeleniumLibrary">
<msg time="2026-04-26T13:40:40.371892" level="INFO">Typing text 'tomsmith' into text field 'id:username'.</msg>
<arg>id:username</arg>
<arg>tomsmith</arg>
<doc>Types the given ``text`` into the text field identified by ``locator``.</doc>
<status status="PASS" start="2026-04-26T13:40:40.371674" elapsed="0.039065"/>
</kw>
<kw name="Input Text" owner="SeleniumLibrary">
<msg time="2026-04-26T13:40:40.411323" level="INFO">Typing text 'SuperS1ecretPassword!' into text field 'id:password'.</msg>
<arg>id:password</arg>
<arg>SuperS1ecretPassword!</arg>
<doc>Types the given ``text`` into the text field identified by ``locator``.</doc>
<status status="PASS" start="2026-04-26T13:40:40.411058" elapsed="0.049040"/>
</kw>
<kw name="Click Button" owner="SeleniumLibrary">
<msg time="2026-04-26T13:40:40.460672" level="INFO">Clicking button 'xpath://button[@type='submit']'.</msg>
<arg>xpath://button[@type='submit']</arg>
<doc>Clicks the button identified by ``locator``.</doc>
<status status="PASS" start="2026-04-26T13:40:40.460451" elapsed="0.043234"/>
</kw>
<kw name="Wait Until Page Contains" owner="SeleniumLibrary">
<arg>Your password is invalid!</arg>
<arg>timeout=10s</arg>
<doc>Waits until ``text`` appears on the current page.</doc>
<status status="PASS" start="2026-04-26T13:40:40.504021" elapsed="0.212797"/>
</kw>
<kw name="Close Browser" owner="SeleniumLibrary" type="TEARDOWN">
<doc>Closes the current browser.</doc>
<status status="PASS" start="2026-04-26T13:40:40.717411" elapsed="2.117490"/>
</kw>
<status status="PASS" start="2026-04-26T13:40:37.695690" elapsed="5.139521"/>
</test>
<test id="s1-t12" name="Key presses" line="135">
<kw name="Open Browser" owner="SeleniumLibrary">
<msg time="2026-04-26T13:40:42.836267" level="INFO">Opening browser 'chrome' to base url 'https://the-internet.herokuapp.com/key_presses'.</msg>
<arg>${URL-PRESSED-KEYS}</arg>
<arg>${BROWSER}</arg>
<doc>Opens a new browser instance to the optional ``url``.</doc>
<status status="PASS" start="2026-04-26T13:40:42.836021" elapsed="2.112436"/>
</kw>
<kw name="Presionar tecla" owner="Keywords">
<kw name="Press Keys" owner="SeleniumLibrary">
<msg time="2026-04-26T13:40:44.949719" level="INFO">Sending key(s) ('ESCAPE',) to id:target element.</msg>
<msg time="2026-04-26T13:40:45.241601" level="INFO">Pressing special key ESCAPE to element.</msg>
<msg time="2026-04-26T13:40:45.241711" level="INFO">Releasing special key ESCAPE.</msg>
<arg>id:target</arg>
<arg>${key}</arg>
<doc>Simulates the user pressing key(s) to an element or on the active browser.</doc>
<status status="PASS" start="2026-04-26T13:40:44.949253" elapsed="0.297360"/>
</kw>
<arg>ESCAPE</arg>
<status status="PASS" start="2026-04-26T13:40:44.948889" elapsed="0.297839"/>
</kw>
<kw name="Element Text Should Be" owner="SeleniumLibrary">
<msg time="2026-04-26T13:40:45.247200" level="INFO">Verifying element 'id:result' contains exact text 'You entered: ESCAPE'.</msg>
<arg>id:result</arg>
<arg>You entered: ESCAPE</arg>
<doc>Verifies that element ``locator`` contains exact the text ``expected``.</doc>
<status status="PASS" start="2026-04-26T13:40:45.246977" elapsed="0.015355"/>
</kw>
<kw name="Presionar tecla" owner="Keywords">
<kw name="Press Keys" owner="SeleniumLibrary">
<msg time="2026-04-26T13:40:45.263294" level="INFO">Sending key(s) ('SPACE',) to id:target element.</msg>
<msg time="2026-04-26T13:40:45.539246" level="INFO">Pressing special key SPACE to element.</msg>
<msg time="2026-04-26T13:40:45.539354" level="INFO">Releasing special key SPACE.</msg>
<arg>id:target</arg>
<arg>${key}</arg>
<doc>Simulates the user pressing key(s) to an element or on the active browser.</doc>
<status status="PASS" start="2026-04-26T13:40:45.262971" elapsed="0.280238"/>
</kw>
<arg>SPACE</arg>
<status status="PASS" start="2026-04-26T13:40:45.262699" elapsed="0.280676"/>
</kw>
<kw name="Element Text Should Be" owner="SeleniumLibrary">
<msg time="2026-04-26T13:40:45.543842" level="INFO">Verifying element 'id:result' contains exact text 'You entered: SPACE'.</msg>
<arg>id:result</arg>
<arg>You entered: SPACE</arg>
<doc>Verifies that element ``locator`` contains exact the text ``expected``.</doc>
<status status="PASS" start="2026-04-26T13:40:45.543648" elapsed="0.007387"/>
</kw>
<kw name="Close Browser" owner="SeleniumLibrary" type="TEARDOWN">
<doc>Closes the current browser.</doc>
<status status="PASS" start="2026-04-26T13:40:45.551359" elapsed="2.094703"/>
</kw>
<status status="PASS" start="2026-04-26T13:40:42.835655" elapsed="4.810652"/>
</test>
<status status="PASS" start="2026-04-26T13:39:38.295495" elapsed="69.351475"/>
</suite>
<statistics>
<total>
<stat pass="12" fail="0" skip="0">All Tests</stat>
</total>
<tag>
</tag>
<suite>
<stat name="Pruebas" id="s1" pass="12" fail="0" skip="0">Pruebas</stat>
</suite>
</statistics>
<errors>
</errors>
</robot>
